#
# There is insufficient memory for the Java Runtime Environment to continue.
# Native memory allocation (malloc) failed to allocate 308336 bytes for Chunk::new
# Possible reasons:
#   The system is out of physical RAM or swap space
#   The process is running with CompressedOops enabled, and the Java Heap may be blocking the growth of the native heap
# Possible solutions:
#   Reduce memory load on the system
#   Increase physical memory or swap space
#   Check if swap backing store is full
#   Decrease Java heap size (-Xmx/-Xms)
#   Decrease number of Java threads
#   Decrease Java thread stack sizes (-Xss)
#   Set larger code cache with -XX:ReservedCodeCacheSize=
#   JVM is running with Unscaled Compressed Oops mode in which the Java heap is
#     placed in the first 4GB address space. The Java Heap base address is the
#     maximum limit for the native heap growth. Please use -XX:HeapBaseMinAddress
#     to set the Java Heap base and to place the Java Heap above 4GB virtual address.
# This output file may be truncated or incomplete.
#
#  Out of Memory Error (arena.cpp:191), pid=10212, tid=16676
#
# JRE version: OpenJDK Runtime Environment Temurin-17.0.10+7 (17.0.10+7) (build 17.0.10+7)
# Java VM: OpenJDK 64-Bit Server VM Temurin-17.0.10+7 (17.0.10+7, mixed mode, tiered, compressed oops, compressed class ptrs, parallel gc, windows-amd64)
# No core dump will be written. Minidumps are not enabled by default on client versions of Windows
#

---------------  S U M M A R Y ------------

Command Line: --add-modules=ALL-SYSTEM --add-opens=java.base/java.util=ALL-UNNAMED --add-opens=java.base/java.lang=ALL-UNNAMED --add-opens=java.base/sun.nio.fs=ALL-UNNAMED -Declipse.application=org.eclipse.jdt.ls.core.id1 -Dosgi.bundles.defaultStartLevel=4 -Declipse.product=org.eclipse.jdt.ls.core.product -Djava.import.generatesMetadataFilesAtProjectRoot=false -DDetectVMInstallationsJob.disabled=true -Dfile.encoding=utf8 -XX:+UseParallelGC -XX:GCTimeRatio=4 -XX:AdaptiveSizePolicyWeight=90 -Dsun.zip.disableMemoryMapping=true -Xmx1G -Xms100m -Xlog:disable -javaagent:c:\Users\21269\.vscode\extensions\redhat.java-1.28.1-win32-x64\lombok\lombok-1.18.31.jar c:\Users\21269\.vscode\extensions\redhat.java-1.28.1-win32-x64\server\plugins\org.eclipse.equinox.launcher_1.6.700.v20231214-2017.jar -configuration c:\Users\21269\AppData\Roaming\Code\User\globalStorage\redhat.java\1.28.1\config_ss_win -data c:\Users\21269\AppData\Roaming\Code\User\workspaceStorage\1718572053e923615083db9cc6e0b6a3\redhat.java\ss_ws --stdio

Host: 11th Gen Intel(R) Core(TM) i5-1135G7 @ 2.40GHz, 8 cores, 7G,  Windows 11 , 64 bit Build 22621 (10.0.22621.3235)
Time: Tue Mar 12 22:57:33 2024 Morocco Standard Time elapsed time: 0.897438 seconds (0d 0h 0m 0s)

---------------  T H R E A D  ---------------

Current thread (0x000002dc84076500):  JavaThread "C2 CompilerThread0" daemon [_thread_in_native, id=16676, stack(0x000000f829900000,0x000000f829a00000)]


Current CompileTask:
C2:    897 1230       4       lombok.patcher.PatchScript::classMatches (41 bytes)

Stack: [0x000000f829900000,0x000000f829a00000]
Native frames: (J=compiled Java code, j=interpreted, Vv=VM code, C=native code)
V  [jvm.dll+0x67d2c9]
V  [jvm.dll+0x834afa]
V  [jvm.dll+0x8365be]
V  [jvm.dll+0x836c23]
V  [jvm.dll+0x2477ff]
V  [jvm.dll+0xac514]
V  [jvm.dll+0xacb5c]
V  [jvm.dll+0x366782]
V  [jvm.dll+0x330bfa]
V  [jvm.dll+0x33009a]
V  [jvm.dll+0x219ef1]
V  [jvm.dll+0x219311]
V  [jvm.dll+0x1a502d]
V  [jvm.dll+0x2290de]
V  [jvm.dll+0x2272ac]
V  [jvm.dll+0x7e9bb7]
V  [jvm.dll+0x7e3fba]
V  [jvm.dll+0x67c1b5]
C  [ucrtbase.dll+0x29363]
C  [KERNEL32.DLL+0x1257d]
C  [ntdll.dll+0x5aa58]


---------------  P R O C E S S  ---------------

Threads class SMR info:
_java_thread_list=0x000002dc856c9aa0, length=13, elements={
0x000002dceb131490, 0x000002dcfefb3030, 0x000002dcfefb63a0, 0x000002dc8406df10,
0x000002dc8406e9e0, 0x000002dc84071d50, 0x000002dc84074820, 0x000002dc84076500,
0x000002dc84077750, 0x000002dc8407a980, 0x000002dc84129020, 0x000002dc843a35c0,
0x000002dc8564b830
}

Java Threads: ( => current thread )
  0x000002dceb131490 JavaThread "main" [_thread_in_Java, id=7668, stack(0x000000f829000000,0x000000f829100000)]
  0x000002dcfefb3030 JavaThread "Reference Handler" daemon [_thread_blocked, id=12360, stack(0x000000f829300000,0x000000f829400000)]
  0x000002dcfefb63a0 JavaThread "Finalizer" daemon [_thread_blocked, id=21384, stack(0x000000f829400000,0x000000f829500000)]
  0x000002dc8406df10 JavaThread "Signal Dispatcher" daemon [_thread_blocked, id=20948, stack(0x000000f829500000,0x000000f829600000)]
  0x000002dc8406e9e0 JavaThread "Attach Listener" daemon [_thread_blocked, id=11552, stack(0x000000f829600000,0x000000f829700000)]
  0x000002dc84071d50 JavaThread "Service Thread" daemon [_thread_blocked, id=10828, stack(0x000000f829700000,0x000000f829800000)]
  0x000002dc84074820 JavaThread "Monitor Deflation Thread" daemon [_thread_blocked, id=19048, stack(0x000000f829800000,0x000000f829900000)]
=>0x000002dc84076500 JavaThread "C2 CompilerThread0" daemon [_thread_in_native, id=16676, stack(0x000000f829900000,0x000000f829a00000)]
  0x000002dc84077750 JavaThread "C1 CompilerThread0" daemon [_thread_blocked, id=9492, stack(0x000000f829a00000,0x000000f829b00000)]
  0x000002dc8407a980 JavaThread "Sweeper thread" daemon [_thread_blocked, id=11408, stack(0x000000f829b00000,0x000000f829c00000)]
  0x000002dc84129020 JavaThread "Common-Cleaner" daemon [_thread_blocked, id=10196, stack(0x000000f829c00000,0x000000f829d00000)]
  0x000002dc843a35c0 JavaThread "Notification Thread" daemon [_thread_blocked, id=2604, stack(0x000000f829d00000,0x000000f829e00000)]
  0x000002dc8564b830 JavaThread "Active Thread: Equinox Container: 186131b9-7e2f-4f4f-a48b-8bf633a99b77" [_thread_blocked, id=21184, stack(0x000000f82a500000,0x000000f82a600000)]

Other Threads:
  0x000002dceb1decf0 VMThread "VM Thread" [stack: 0x000000f829200000,0x000000f829300000] [id=2676]
  0x000002dc843a3aa0 WatcherThread [stack: 0x000000f829e00000,0x000000f829f00000] [id=17132]
  0x000002dceb147a20 GCTaskThread "GC Thread#0" [stack: 0x000000f829100000,0x000000f829200000] [id=3280]
  0x000002dc852f8e00 GCTaskThread "GC Thread#1" [stack: 0x000000f829f00000,0x000000f82a000000] [id=16224]
  0x000002dc8592b240 GCTaskThread "GC Thread#2" [stack: 0x000000f82a000000,0x000000f82a100000] [id=12068]
  0x000002dc8592b500 GCTaskThread "GC Thread#3" [stack: 0x000000f82a100000,0x000000f82a200000] [id=17284]
  0x000002dc8592b7c0 GCTaskThread "GC Thread#4" [stack: 0x000000f82a200000,0x000000f82a300000] [id=17748]
  0x000002dc8592ba80 GCTaskThread "GC Thread#5" [stack: 0x000000f82a300000,0x000000f82a400000] [id=21120]
  0x000002dc8592bd40 GCTaskThread "GC Thread#6" [stack: 0x000000f82a400000,0x000000f82a500000] [id=20300]

Threads with active compile tasks:
C2 CompilerThread0      910 1230       4       lombok.patcher.PatchScript::classMatches (41 bytes)

VM state: not at safepoint (normal execution)

VM Mutex/Monitor currently owned by a thread: None

Heap address: 0x00000000c0000000, size: 1024 MB, Compressed Oops mode: 32-bit

CDS archive(s) not mapped
Compressed class space mapped at: 0x0000000100000000-0x0000000140000000, reserved size: 1073741824
Narrow klass base: 0x0000000000000000, Narrow klass shift: 3, Narrow klass range: 0x140000000

GC Precious Log:
 CPUs: 8 total, 8 available
 Memory: 7991M
 Large Page Support: Disabled
 NUMA Support: Disabled
 Compressed Oops: Enabled (32-bit)
 Alignments: Space 512K, Generation 512K, Heap 2M
 Heap Min Capacity: 100M
 Heap Initial Capacity: 100M
 Heap Max Capacity: 1G
 Pre-touch: Disabled
 Parallel Workers: 8

Heap:
 PSYoungGen      total 29696K, used 18880K [0x00000000eab00000, 0x00000000ecc00000, 0x0000000100000000)
  eden space 25600K, 61% used [0x00000000eab00000,0x00000000eba5b170,0x00000000ec400000)
  from space 4096K, 77% used [0x00000000ec400000,0x00000000ec715130,0x00000000ec800000)
  to   space 4096K, 0% used [0x00000000ec800000,0x00000000ec800000,0x00000000ecc00000)
 ParOldGen       total 68608K, used 16K [0x00000000c0000000, 0x00000000c4300000, 0x00000000eab00000)
  object space 68608K, 0% used [0x00000000c0000000,0x00000000c0004000,0x00000000c4300000)
 Metaspace       used 13217K, committed 13376K, reserved 1114112K
  class space    used 1310K, committed 1408K, reserved 1048576K

Card table byte_map: [0x000002dceaaf0000,0x000002dcead00000] _byte_map_base: 0x000002dcea4f0000

Marking Bits: (ParMarkBitMap*) 0x00007ffd9dcdd7d0
 Begin Bits: [0x000002dcfcdc0000, 0x000002dcfddc0000)
 End Bits:   [0x000002dcfddc0000, 0x000002dcfedc0000)

Polling page: 0x000002dcea8e0000

Metaspace:

Usage:
  Non-class:     11.63 MB used.
      Class:      1.28 MB used.
       Both:     12.91 MB used.

Virtual space:
  Non-class space:       64.00 MB reserved,      11.69 MB ( 18%) committed,  1 nodes.
      Class space:        1.00 GB reserved,       1.38 MB ( <1%) committed,  1 nodes.
             Both:        1.06 GB reserved,      13.06 MB (  1%) committed. 

Chunk freelists:
   Non-Class:  3.70 MB
       Class:  14.53 MB
        Both:  18.24 MB

MaxMetaspaceSize: unlimited
CompressedClassSpaceSize: 1.00 GB
Initial GC threshold: 21.00 MB
Current GC threshold: 21.00 MB
CDS: off
MetaspaceReclaimPolicy: balanced
 - commit_granule_bytes: 65536.
 - commit_granule_words: 8192.
 - virtual_space_node_default_size: 8388608.
 - enlarge_chunks_in_place: 1.
 - new_chunks_are_fully_committed: 0.
 - uncommit_free_chunks: 1.
 - use_allocation_guard: 0.
 - handle_deallocations: 1.


Internal statistics:

num_allocs_failed_limit: 0.
num_arena_births: 52.
num_arena_deaths: 0.
num_vsnodes_births: 2.
num_vsnodes_deaths: 0.
num_space_committed: 209.
num_space_uncommitted: 0.
num_chunks_returned_to_freelist: 0.
num_chunks_taken_from_freelist: 198.
num_chunk_merges: 0.
num_chunk_splits: 133.
num_chunks_enlarged: 108.
num_inconsistent_stats: 0.

CodeHeap 'non-profiled nmethods': size=120000Kb used=421Kb max_used=421Kb free=119578Kb
 bounds [0x000002dcf5890000, 0x000002dcf5b00000, 0x000002dcfcdc0000]
CodeHeap 'profiled nmethods': size=120000Kb used=2277Kb max_used=2277Kb free=117722Kb
 bounds [0x000002dceddc0000, 0x000002dcee030000, 0x000002dcf52f0000]
CodeHeap 'non-nmethods': size=5760Kb used=1166Kb max_used=1181Kb free=4593Kb
 bounds [0x000002dcf52f0000, 0x000002dcf5560000, 0x000002dcf5890000]
 total_blobs=1707 nmethods=1262 adapters=359
 compilation: enabled
              stopped_count=0, restarted_count=0
 full_count=0

Compilation events (20 events):
Event: 0.882 Thread 0x000002dc84077750 nmethod 1237 0x000002dcedfe5b10 code [0x000002dcedfe5d00, 0x000002dcedfe6398]
Event: 0.882 Thread 0x000002dc84077750 1238       3       java.util.zip.ZipFile$InflaterCleanupAction::<init> (15 bytes)
Event: 0.882 Thread 0x000002dc84077750 nmethod 1238 0x000002dcedfe6590 code [0x000002dcedfe6720, 0x000002dcedfe68b8]
Event: 0.882 Thread 0x000002dc84077750 1239       3       java.util.zip.ZipFile$InflaterCleanupAction::run (12 bytes)
Event: 0.883 Thread 0x000002dc84077750 nmethod 1239 0x000002dcedfe6990 code [0x000002dcedfe6b40, 0x000002dcedfe6ca8]
Event: 0.883 Thread 0x000002dc84077750 1240   !   3       java.util.zip.ZipFile$CleanableResource::releaseInflater (53 bytes)
Event: 0.883 Thread 0x000002dc84077750 nmethod 1240 0x000002dcedfe6d90 code [0x000002dcedfe6f80, 0x000002dcedfe73c8]
Event: 0.886 Thread 0x000002dc84077750 1241  s    3       java.util.jar.JarFile::getInputStream (72 bytes)
Event: 0.886 Thread 0x000002dc84077750 nmethod 1241 0x000002dcedfe7690 code [0x000002dcedfe78c0, 0x000002dcedfe7e38]
Event: 0.889 Thread 0x000002dc84077750 1242  s    3       java.util.Hashtable::get (69 bytes)
Event: 0.890 Thread 0x000002dc84077750 nmethod 1242 0x000002dcedfe8010 code [0x000002dcedfe81e0, 0x000002dcedfe8718]
Event: 0.890 Thread 0x000002dc84077750 1243       3       sun.net.www.protocol.jar.Handler::parseURL (173 bytes)
Event: 0.891 Thread 0x000002dc84077750 nmethod 1243 0x000002dcedfe8910 code [0x000002dcedfe8bc0, 0x000002dcedfe9758]
Event: 0.891 Thread 0x000002dc84077750 1244       3       java.net.URLStreamHandler::setURL (159 bytes)
Event: 0.893 Thread 0x000002dc84077750 nmethod 1244 0x000002dcedfe9c90 code [0x000002dcedfea020, 0x000002dcedfeb588]
Event: 0.893 Thread 0x000002dc84077750 1247       3       sun.invoke.util.Wrapper::hashPrim (30 bytes)
Event: 0.895 Thread 0x000002dc84077750 nmethod 1247 0x000002dcedfebe90 code [0x000002dcedfec120, 0x000002dcedfecd48]
Event: 0.895 Thread 0x000002dc84077750 1246       3       jdk.internal.org.objectweb.asm.AnnotationWriter::putAnnotations (67 bytes)
Event: 0.895 Thread 0x000002dc84077750 nmethod 1246 0x000002dcedfed210 code [0x000002dcedfed420, 0x000002dcedfed858]
Event: 0.895 Thread 0x000002dc84077750 1252       3       sun.invoke.util.Wrapper::forPrimitiveType (49 bytes)

GC Heap History (2 events):
Event: 0.614 GC heap before
{Heap before GC invocations=1 (full 0):
 PSYoungGen      total 29696K, used 25600K [0x00000000eab00000, 0x00000000ecc00000, 0x0000000100000000)
  eden space 25600K, 100% used [0x00000000eab00000,0x00000000ec400000,0x00000000ec400000)
  from space 4096K, 0% used [0x00000000ec800000,0x00000000ec800000,0x00000000ecc00000)
  to   space 4096K, 0% used [0x00000000ec400000,0x00000000ec400000,0x00000000ec800000)
 ParOldGen       total 68608K, used 0K [0x00000000c0000000, 0x00000000c4300000, 0x00000000eab00000)
  object space 68608K, 0% used [0x00000000c0000000,0x00000000c0000000,0x00000000c4300000)
 Metaspace       used 10968K, committed 11200K, reserved 1114112K
  class space    used 1096K, committed 1216K, reserved 1048576K
}
Event: 0.619 GC heap after
{Heap after GC invocations=1 (full 0):
 PSYoungGen      total 29696K, used 3156K [0x00000000eab00000, 0x00000000ecc00000, 0x0000000100000000)
  eden space 25600K, 0% used [0x00000000eab00000,0x00000000eab00000,0x00000000ec400000)
  from space 4096K, 77% used [0x00000000ec400000,0x00000000ec715130,0x00000000ec800000)
  to   space 4096K, 0% used [0x00000000ec800000,0x00000000ec800000,0x00000000ecc00000)
 ParOldGen       total 68608K, used 16K [0x00000000c0000000, 0x00000000c4300000, 0x00000000eab00000)
  object space 68608K, 0% used [0x00000000c0000000,0x00000000c0004000,0x00000000c4300000)
 Metaspace       used 10968K, committed 11200K, reserved 1114112K
  class space    used 1096K, committed 1216K, reserved 1048576K
}

Dll operation events (8 events):
Event: 0.007 Loaded shared library c:\Users\21269\.vscode\extensions\redhat.java-1.28.1-win32-x64\jre\17.0.10-win32-x86_64\bin\java.dll
Event: 0.130 Loaded shared library c:\Users\21269\.vscode\extensions\redhat.java-1.28.1-win32-x64\jre\17.0.10-win32-x86_64\bin\zip.dll
Event: 0.134 Loaded shared library C:\Users\21269\.vscode\extensions\redhat.java-1.28.1-win32-x64\jre\17.0.10-win32-x86_64\bin\instrument.dll
Event: 0.146 Loaded shared library C:\Users\21269\.vscode\extensions\redhat.java-1.28.1-win32-x64\jre\17.0.10-win32-x86_64\bin\net.dll
Event: 0.147 Loaded shared library C:\Users\21269\.vscode\extensions\redhat.java-1.28.1-win32-x64\jre\17.0.10-win32-x86_64\bin\nio.dll
Event: 0.153 Loaded shared library C:\Users\21269\.vscode\extensions\redhat.java-1.28.1-win32-x64\jre\17.0.10-win32-x86_64\bin\zip.dll
Event: 0.166 Loaded shared library C:\Users\21269\.vscode\extensions\redhat.java-1.28.1-win32-x64\jre\17.0.10-win32-x86_64\bin\jimage.dll
Event: 0.223 Loaded shared library c:\Users\21269\.vscode\extensions\redhat.java-1.28.1-win32-x64\jre\17.0.10-win32-x86_64\bin\verify.dll

Deoptimization events (20 events):
Event: 0.725 Thread 0x000002dceb131490 DEOPT PACKING pc=0x000002dcede313c5 sp=0x000000f8290f3b40
Event: 0.725 Thread 0x000002dceb131490 DEOPT UNPACKING pc=0x000002dcf534a9e3 sp=0x000000f8290f2ff0 mode 0
Event: 0.726 Thread 0x000002dceb131490 DEOPT PACKING pc=0x000002dcede313c5 sp=0x000000f8290f3b40
Event: 0.726 Thread 0x000002dceb131490 DEOPT UNPACKING pc=0x000002dcf534a9e3 sp=0x000000f8290f2ff0 mode 0
Event: 0.735 Thread 0x000002dceb131490 DEOPT PACKING pc=0x000002dcede313c5 sp=0x000000f8290f7670
Event: 0.735 Thread 0x000002dceb131490 DEOPT UNPACKING pc=0x000002dcf534a9e3 sp=0x000000f8290f6b20 mode 0
Event: 0.743 Thread 0x000002dceb131490 DEOPT PACKING pc=0x000002dcede313c5 sp=0x000000f8290f3b50
Event: 0.743 Thread 0x000002dceb131490 DEOPT UNPACKING pc=0x000002dcf534a9e3 sp=0x000000f8290f3000 mode 0
Event: 0.748 Thread 0x000002dceb131490 DEOPT PACKING pc=0x000002dcede313c5 sp=0x000000f8290f37d0
Event: 0.748 Thread 0x000002dceb131490 DEOPT UNPACKING pc=0x000002dcf534a9e3 sp=0x000000f8290f2c80 mode 0
Event: 0.763 Thread 0x000002dceb131490 DEOPT PACKING pc=0x000002dcede313c5 sp=0x000000f8290f7200
Event: 0.763 Thread 0x000002dceb131490 DEOPT UNPACKING pc=0x000002dcf534a9e3 sp=0x000000f8290f66b0 mode 0
Event: 0.769 Thread 0x000002dceb131490 Uncommon trap: trap_request=0xffffffc6 fr.pc=0x000002dcf58b8e9c relative=0x000000000000027c
Event: 0.769 Thread 0x000002dceb131490 Uncommon trap: reason=bimorphic_or_optimized_type_check action=maybe_recompile pc=0x000002dcf58b8e9c method=java.util.Collections$UnmodifiableCollection$1.next()Ljava/lang/Object; @ 4 c2
Event: 0.769 Thread 0x000002dceb131490 DEOPT PACKING pc=0x000002dcf58b8e9c sp=0x000000f8290f7d60
Event: 0.769 Thread 0x000002dceb131490 DEOPT UNPACKING pc=0x000002dcf5349ea3 sp=0x000000f8290f7d10 mode 2
Event: 0.769 Thread 0x000002dceb131490 Uncommon trap: trap_request=0xffffffc6 fr.pc=0x000002dcf58b8e9c relative=0x000000000000027c
Event: 0.769 Thread 0x000002dceb131490 Uncommon trap: reason=bimorphic_or_optimized_type_check action=maybe_recompile pc=0x000002dcf58b8e9c method=java.util.Collections$UnmodifiableCollection$1.next()Ljava/lang/Object; @ 4 c2
Event: 0.769 Thread 0x000002dceb131490 DEOPT PACKING pc=0x000002dcf58b8e9c sp=0x000000f8290f7d60
Event: 0.769 Thread 0x000002dceb131490 DEOPT UNPACKING pc=0x000002dcf5349ea3 sp=0x000000f8290f7d10 mode 2

Classes unloaded (0 events):
No events

Classes redefined (0 events):
No events

Internal exceptions (20 events):
Event: 0.239 Thread 0x000002dceb131490 Exception <a 'java/lang/reflect/InvocationTargetException'{0x00000000eafe7198}> (0x00000000eafe7198) 
thrown [s\src\hotspot\share\runtime\reflection.cpp, line 1121]
Event: 0.429 Thread 0x000002dceb131490 Exception <a 'java/lang/ClassNotFoundException'{0x00000000eb863c98}: sun/net/www/protocol/c/Handler> (0x00000000eb863c98) 
thrown [s\src\hotspot\share\classfile\systemDictionary.cpp, line 256]
Event: 0.432 Thread 0x000002dceb131490 Exception <a 'java/io/FileNotFoundException'{0x00000000eb87b848}> (0x00000000eb87b848) 
thrown [s\src\hotspot\share\prims\jni.cpp, line 516]
Event: 0.432 Thread 0x000002dceb131490 Exception <a 'java/io/FileNotFoundException'{0x00000000eb87c558}> (0x00000000eb87c558) 
thrown [s\src\hotspot\share\prims\jni.cpp, line 516]
Event: 0.432 Thread 0x000002dceb131490 Exception <a 'java/io/FileNotFoundException'{0x00000000eb87d248}> (0x00000000eb87d248) 
thrown [s\src\hotspot\share\prims\jni.cpp, line 516]
Event: 0.432 Thread 0x000002dceb131490 Exception <a 'java/io/FileNotFoundException'{0x00000000eb87df08}> (0x00000000eb87df08) 
thrown [s\src\hotspot\share\prims\jni.cpp, line 516]
Event: 0.435 Thread 0x000002dceb131490 Implicit null exception at 0x000002dcf58b0df2 to 0x000002dcf58b1368
Event: 0.438 Thread 0x000002dceb131490 Exception <a 'java/io/FileNotFoundException'{0x00000000eb8b87e8}> (0x00000000eb8b87e8) 
thrown [s\src\hotspot\share\prims\jni.cpp, line 516]
Event: 0.544 Thread 0x000002dceb131490 Exception <a 'java/lang/ClassNotFoundException'{0x00000000ec0cf098}: sun/net/www/protocol/c/Handler> (0x00000000ec0cf098) 
thrown [s\src\hotspot\share\classfile\systemDictionary.cpp, line 256]
Event: 0.544 Thread 0x000002dceb131490 Exception <a 'java/lang/ClassNotFoundException'{0x00000000ec0d03c8}: sun/net/www/protocol/c/Handler> (0x00000000ec0d03c8) 
thrown [s\src\hotspot\share\classfile\systemDictionary.cpp, line 256]
Event: 0.544 Thread 0x000002dceb131490 Exception <a 'java/lang/ClassNotFoundException'{0x00000000ec0d1538}: sun/net/www/protocol/c/Handler> (0x00000000ec0d1538) 
thrown [s\src\hotspot\share\classfile\systemDictionary.cpp, line 256]
Event: 0.548 Thread 0x000002dceb131490 Exception <a 'java/io/FileNotFoundException'{0x00000000ec0f49a0}> (0x00000000ec0f49a0) 
thrown [s\src\hotspot\share\prims\jni.cpp, line 516]
Event: 0.608 Thread 0x000002dceb131490 Exception <a 'java/lang/NoSuchMethodError'{0x00000000ec3ccc68}: 'int java.lang.invoke.DirectMethodHandle$Holder.invokeStaticInit(java.lang.Object, java.lang.Object, java.lang.Object, java.lang.Object)'> (0x00000000ec3ccc68) 
thrown [s\src\hotspot\share\interpreter\linkResolver.cpp, line 759]
Event: 0.610 Thread 0x000002dceb131490 Exception <a 'java/lang/NoSuchMethodError'{0x00000000ec3d72d8}: 'java.lang.Object java.lang.invoke.DirectMethodHandle$Holder.invokeInterface(java.lang.Object, java.lang.Object)'> (0x00000000ec3d72d8) 
thrown [s\src\hotspot\share\interpreter\linkResolver.cpp, line 759]
Event: 0.610 Thread 0x000002dceb131490 Exception <a 'java/lang/IncompatibleClassChangeError'{0x00000000ec3daad0}: Found class java.lang.Object, but interface was expected> (0x00000000ec3daad0) 
thrown [s\src\hotspot\share\interpreter\linkResolver.cpp, line 826]
Event: 0.611 Thread 0x000002dceb131490 Exception <a 'java/lang/NoSuchMethodError'{0x00000000ec3defc0}: 'void java.lang.invoke.DirectMethodHandle$Holder.invokeStatic(java.lang.Object, java.lang.Object)'> (0x00000000ec3defc0) 
thrown [s\src\hotspot\share\interpreter\linkResolver.cpp, line 759]
Event: 0.611 Thread 0x000002dceb131490 Exception <a 'java/lang/NoSuchMethodError'{0x00000000ec3e27c0}: 'void java.lang.invoke.DirectMethodHandle$Holder.invokeStaticInit(java.lang.Object, java.lang.Object)'> (0x00000000ec3e27c0) 
thrown [s\src\hotspot\share\interpreter\linkResolver.cpp, line 759]
Event: 0.612 Thread 0x000002dceb131490 Exception <a 'java/lang/NoSuchMethodError'{0x00000000ec3e9bd0}: 'int java.lang.invoke.DirectMethodHandle$Holder.invokeStaticInit(java.lang.Object, java.lang.Object)'> (0x00000000ec3e9bd0) 
thrown [s\src\hotspot\share\interpreter\linkResolver.cpp, line 759]
Event: 0.643 Thread 0x000002dceb131490 Exception <a 'java/lang/NoSuchMethodError'{0x00000000eac54b28}: 'void java.lang.invoke.DirectMethodHandle$Holder.invokeSpecial(java.lang.Object, java.lang.Object, java.lang.Object)'> (0x00000000eac54b28) 
thrown [s\src\hotspot\share\interpreter\linkResolver.cpp, line 759]
Event: 0.892 Thread 0x000002dceb131490 Exception <a 'java/lang/NoSuchMethodError'{0x00000000eb8d6b18}: 'java.lang.Object java.lang.invoke.DirectMethodHandle$Holder.newInvokeSpecial(java.lang.Object, int, java.lang.Object)'> (0x00000000eb8d6b18) 
thrown [s\src\hotspot\share\interpreter\linkResolver.cpp, line 759]

VM Operations (16 events):
Event: 0.110 Executing VM operation: HandshakeAllThreads
Event: 0.110 Executing VM operation: HandshakeAllThreads done
Event: 0.186 Executing VM operation: HandshakeAllThreads
Event: 0.186 Executing VM operation: HandshakeAllThreads done
Event: 0.426 Executing VM operation: HandshakeAllThreads
Event: 0.426 Executing VM operation: HandshakeAllThreads done
Event: 0.614 Executing VM operation: ParallelGCFailedAllocation
Event: 0.619 Executing VM operation: ParallelGCFailedAllocation done
Event: 0.870 Executing VM operation: HandshakeAllThreads
Event: 0.870 Executing VM operation: HandshakeAllThreads done
Event: 0.870 Executing VM operation: HandshakeAllThreads
Event: 0.870 Executing VM operation: HandshakeAllThreads done
Event: 0.876 Executing VM operation: HandshakeAllThreads
Event: 0.876 Executing VM operation: HandshakeAllThreads done
Event: 0.888 Executing VM operation: HandshakeAllThreads
Event: 0.888 Executing VM operation: HandshakeAllThreads done

Events (20 events):
Event: 0.862 loading class java/lang/Thread$State done
Event: 0.862 Thread 0x000002dc8564b830 Thread added: 0x000002dc8564b830
Event: 0.862 loading class java/util/concurrent/TimeUnit$1
Event: 0.862 loading class java/util/concurrent/TimeUnit$1 done
Event: 0.863 loading class java/util/concurrent/locks/AbstractQueuedSynchronizer$ConditionNode
Event: 0.863 loading class java/util/concurrent/locks/AbstractQueuedSynchronizer$Node
Event: 0.863 loading class java/util/concurrent/locks/AbstractQueuedSynchronizer$ExclusiveNode
Event: 0.863 loading class java/util/concurrent/locks/AbstractQueuedSynchronizer$Node done
Event: 0.863 loading class java/util/concurrent/locks/AbstractQueuedSynchronizer$ConditionNode done
Event: 0.863 loading class java/util/concurrent/locks/AbstractQueuedSynchronizer$ExclusiveNode done
Event: 0.863 loading class java/lang/ApplicationShutdownHooks
Event: 0.863 loading class java/lang/ApplicationShutdownHooks done
Event: 0.863 loading class java/lang/ApplicationShutdownHooks$1
Event: 0.864 loading class java/lang/ApplicationShutdownHooks$1 done
Event: 0.876 loading class java/util/ArrayList$ListItr
Event: 0.876 loading class java/util/ArrayList$ListItr done
Event: 0.887 loading class java/util/LinkedList
Event: 0.888 loading class java/util/AbstractSequentialList
Event: 0.888 loading class java/util/AbstractSequentialList done
Event: 0.888 loading class java/util/LinkedList done


Dynamic libraries:
0x00007ff60c9c0000 - 0x00007ff60c9ce000 	c:\Users\21269\.vscode\extensions\redhat.java-1.28.1-win32-x64\jre\17.0.10-win32-x86_64\bin\java.exe
0x00007ffdf4430000 - 0x00007ffdf4646000 	C:\WINDOWS\SYSTEM32\ntdll.dll
0x00007ffdf2bd0000 - 0x00007ffdf2c94000 	C:\WINDOWS\System32\KERNEL32.DLL
0x00007ffdf1cb0000 - 0x00007ffdf2056000 	C:\WINDOWS\System32\KERNELBASE.dll
0x00007ffdf1900000 - 0x00007ffdf1a11000 	C:\WINDOWS\System32\ucrtbase.dll
0x00007ffdde6a0000 - 0x00007ffdde6b7000 	c:\Users\21269\.vscode\extensions\redhat.java-1.28.1-win32-x64\jre\17.0.10-win32-x86_64\bin\jli.dll
0x00007ffddcb40000 - 0x00007ffddcb5b000 	c:\Users\21269\.vscode\extensions\redhat.java-1.28.1-win32-x64\jre\17.0.10-win32-x86_64\bin\VCRUNTIME140.dll
0x00007ffdf2da0000 - 0x00007ffdf2f4d000 	C:\WINDOWS\System32\USER32.dll
0x00007ffdde1f0000 - 0x00007ffdde483000 	C:\WINDOWS\WinSxS\amd64_microsoft.windows.common-controls_6595b64144ccf1df_6.0.22621.3235_none_270f74e173860f98\COMCTL32.dll
0x00007ffdf1bc0000 - 0x00007ffdf1be6000 	C:\WINDOWS\System32\win32u.dll
0x00007ffdf2f50000 - 0x00007ffdf2f79000 	C:\WINDOWS\System32\GDI32.dll
0x00007ffdf28e0000 - 0x00007ffdf2987000 	C:\WINDOWS\System32\msvcrt.dll
0x00007ffdf1770000 - 0x00007ffdf1888000 	C:\WINDOWS\System32\gdi32full.dll
0x00007ffdf2060000 - 0x00007ffdf20fa000 	C:\WINDOWS\System32\msvcp_win.dll
0x00007ffdf31a0000 - 0x00007ffdf31d1000 	C:\WINDOWS\System32\IMM32.DLL
0x00007ffdedf90000 - 0x00007ffdedf9c000 	c:\Users\21269\.vscode\extensions\redhat.java-1.28.1-win32-x64\jre\17.0.10-win32-x86_64\bin\vcruntime140_1.dll
0x00007ffdd7830000 - 0x00007ffdd78bd000 	c:\Users\21269\.vscode\extensions\redhat.java-1.28.1-win32-x64\jre\17.0.10-win32-x86_64\bin\msvcp140.dll
0x00007ffd9d140000 - 0x00007ffd9dda2000 	c:\Users\21269\.vscode\extensions\redhat.java-1.28.1-win32-x64\jre\17.0.10-win32-x86_64\bin\server\jvm.dll
0x00007ffdf26c0000 - 0x00007ffdf2772000 	C:\WINDOWS\System32\ADVAPI32.dll
0x00007ffdf41c0000 - 0x00007ffdf4268000 	C:\WINDOWS\System32\sechost.dll
0x00007ffdf1b90000 - 0x00007ffdf1bb8000 	C:\WINDOWS\System32\bcrypt.dll
0x00007ffdf31e0000 - 0x00007ffdf32f5000 	C:\WINDOWS\System32\RPCRT4.dll
0x00007ffdd5e30000 - 0x00007ffdd5e39000 	C:\WINDOWS\SYSTEM32\WSOCK32.dll
0x00007ffdf0970000 - 0x00007ffdf09bd000 	C:\WINDOWS\SYSTEM32\POWRPROF.dll
0x00007ffde8740000 - 0x00007ffde8774000 	C:\WINDOWS\SYSTEM32\WINMM.dll
0x00007ffdf4270000 - 0x00007ffdf42e1000 	C:\WINDOWS\System32\WS2_32.dll
0x00007ffde8970000 - 0x00007ffde897a000 	C:\WINDOWS\SYSTEM32\VERSION.dll
0x00007ffdf0950000 - 0x00007ffdf0963000 	C:\WINDOWS\SYSTEM32\UMPDC.dll
0x00007ffdf07f0000 - 0x00007ffdf0808000 	C:\WINDOWS\SYSTEM32\kernel.appcore.dll
0x00007ffde97b0000 - 0x00007ffde97ba000 	c:\Users\21269\.vscode\extensions\redhat.java-1.28.1-win32-x64\jre\17.0.10-win32-x86_64\bin\jimage.dll
0x00007ffdeeb60000 - 0x00007ffdeed93000 	C:\WINDOWS\SYSTEM32\DBGHELP.DLL
0x00007ffdf3bd0000 - 0x00007ffdf3f58000 	C:\WINDOWS\System32\combase.dll
0x00007ffdf2a40000 - 0x00007ffdf2b17000 	C:\WINDOWS\System32\OLEAUT32.dll
0x00007ffdd7200000 - 0x00007ffdd7232000 	C:\WINDOWS\SYSTEM32\dbgcore.DLL
0x00007ffdf2100000 - 0x00007ffdf217a000 	C:\WINDOWS\System32\bcryptPrimitives.dll
0x00007ffde5190000 - 0x00007ffde519e000 	c:\Users\21269\.vscode\extensions\redhat.java-1.28.1-win32-x64\jre\17.0.10-win32-x86_64\bin\instrument.dll
0x00007ffddc990000 - 0x00007ffddc9b5000 	c:\Users\21269\.vscode\extensions\redhat.java-1.28.1-win32-x64\jre\17.0.10-win32-x86_64\bin\java.dll
0x00007ffddcb20000 - 0x00007ffddcb38000 	c:\Users\21269\.vscode\extensions\redhat.java-1.28.1-win32-x64\jre\17.0.10-win32-x86_64\bin\zip.dll
0x00007ffdf3310000 - 0x00007ffdf3b6c000 	C:\WINDOWS\System32\SHELL32.dll
0x00007ffdef650000 - 0x00007ffdeff48000 	C:\WINDOWS\SYSTEM32\windows.storage.dll
0x00007ffdef510000 - 0x00007ffdef64e000 	C:\WINDOWS\SYSTEM32\wintypes.dll
0x00007ffdf2ca0000 - 0x00007ffdf2d93000 	C:\WINDOWS\System32\SHCORE.dll
0x00007ffdf2b20000 - 0x00007ffdf2b7e000 	C:\WINDOWS\System32\shlwapi.dll
0x00007ffdf16a0000 - 0x00007ffdf16c6000 	C:\WINDOWS\SYSTEM32\profapi.dll
0x00007ffddc430000 - 0x00007ffddc449000 	C:\Users\21269\.vscode\extensions\redhat.java-1.28.1-win32-x64\jre\17.0.10-win32-x86_64\bin\net.dll
0x00007ffdeac10000 - 0x00007ffdead47000 	C:\WINDOWS\SYSTEM32\WINHTTP.dll
0x00007ffdf0d00000 - 0x00007ffdf0d69000 	C:\WINDOWS\system32\mswsock.dll
0x00007ffddaf50000 - 0x00007ffddaf66000 	C:\Users\21269\.vscode\extensions\redhat.java-1.28.1-win32-x64\jre\17.0.10-win32-x86_64\bin\nio.dll
0x00007ffde5090000 - 0x00007ffde50a0000 	c:\Users\21269\.vscode\extensions\redhat.java-1.28.1-win32-x64\jre\17.0.10-win32-x86_64\bin\verify.dll

dbghelp: loaded successfully - version: 4.0.5 - missing functions: none
symbol engine: initialized successfully - sym options: 0x614 - pdb path: .;c:\Users\21269\.vscode\extensions\redhat.java-1.28.1-win32-x64\jre\17.0.10-win32-x86_64\bin;C:\WINDOWS\SYSTEM32;C:\WINDOWS\WinSxS\amd64_microsoft.windows.common-controls_6595b64144ccf1df_6.0.22621.3235_none_270f74e173860f98;c:\Users\21269\.vscode\extensions\redhat.java-1.28.1-win32-x64\jre\17.0.10-win32-x86_64\bin\server

VM Arguments:
jvm_args: --add-modules=ALL-SYSTEM --add-opens=java.base/java.util=ALL-UNNAMED --add-opens=java.base/java.lang=ALL-UNNAMED --add-opens=java.base/sun.nio.fs=ALL-UNNAMED -Declipse.application=org.eclipse.jdt.ls.core.id1 -Dosgi.bundles.defaultStartLevel=4 -Declipse.product=org.eclipse.jdt.ls.core.product -Djava.import.generatesMetadataFilesAtProjectRoot=false -DDetectVMInstallationsJob.disabled=true -Dfile.encoding=utf8 -XX:+UseParallelGC -XX:GCTimeRatio=4 -XX:AdaptiveSizePolicyWeight=90 -Dsun.zip.disableMemoryMapping=true -Xmx1G -Xms100m -Xlog:disable -javaagent:c:\Users\21269\.vscode\extensions\redhat.java-1.28.1-win32-x64\lombok\lombok-1.18.31.jar 
java_command: c:\Users\21269\.vscode\extensions\redhat.java-1.28.1-win32-x64\server\plugins\org.eclipse.equinox.launcher_1.6.700.v20231214-2017.jar -configuration c:\Users\21269\AppData\Roaming\Code\User\globalStorage\redhat.java\1.28.1\config_ss_win -data c:\Users\21269\AppData\Roaming\Code\User\workspaceStorage\1718572053e923615083db9cc6e0b6a3\redhat.java\ss_ws --stdio
java_class_path (initial): c:\Users\21269\.vscode\extensions\redhat.java-1.28.1-win32-x64\server\plugins\org.eclipse.equinox.launcher_1.6.700.v20231214-2017.jar
Launcher Type: SUN_STANDARD

[Global flags]
    uintx AdaptiveSizePolicyWeight                 = 90                                        {product} {command line}
     intx CICompilerCount                          = 4                                         {product} {ergonomic}
    uintx GCTimeRatio                              = 4                                         {product} {command line}
   size_t InitialHeapSize                          = 104857600                                 {product} {command line}
   size_t MaxHeapSize                              = 1073741824                                {product} {command line}
   size_t MaxNewSize                               = 357564416                                 {product} {ergonomic}
   size_t MinHeapDeltaBytes                        = 524288                                    {product} {ergonomic}
   size_t MinHeapSize                              = 104857600                                 {product} {command line}
   size_t NewSize                                  = 34603008                                  {product} {ergonomic}
    uintx NonNMethodCodeHeapSize                   = 5839372                                {pd product} {ergonomic}
    uintx NonProfiledCodeHeapSize                  = 122909434                              {pd product} {ergonomic}
   size_t OldSize                                  = 70254592                                  {product} {ergonomic}
    uintx ProfiledCodeHeapSize                     = 122909434                              {pd product} {ergonomic}
    uintx ReservedCodeCacheSize                    = 251658240                              {pd product} {ergonomic}
     bool SegmentedCodeCache                       = true                                      {product} {ergonomic}
   size_t SoftMaxHeapSize                          = 1073741824                             {manageable} {ergonomic}
     bool UseCompressedClassPointers               = true                           {product lp64_product} {ergonomic}
     bool UseCompressedOops                        = true                           {product lp64_product} {ergonomic}
     bool UseLargePagesIndividualAllocation        = false                                  {pd product} {ergonomic}
     bool UseParallelGC                            = true                                      {product} {command line}

Logging:
Log output configuration:
 #0: stdout all=off uptime,level,tags
 #1: stderr all=off uptime,level,tags

Environment Variables:
JAVA_HOME=C:\Program Files\Java\jdk-21
PATH=C:\Python312\Scripts\;C:\Python312\;D:\app\OumNou\product\11.2.0\dbhome_1\bin;C:\Program Files\Common Files\Oracle\Java\javapath;C:\Program Files (x86)\Common Files\Oracle\Java\javapath;C:\Python310\Scripts\;C:\Python310\;C:\Windows\System32\HWAudioDriverLibs;C:\Windows\system32;C:\Windows;C:\Windows\System32\Wbem;C:\Windows\System32\WindowsPowerShell\v1.0\;C:\Windows\System32\OpenSSH\;C:\Users\Administrator\AppData\Local\Microsoft\WindowsApps;C:\composer;C:\php-8.1.10;C:\ProgramData\chocolatey\bin;C:\WINDOWS\system32;C:\WINDOWS;C:\WINDOWS\System32\Wbem;C:\WINDOWS\System32\WindowsPowerShell\v1.0\;C:\WINDOWS\System32\OpenSSH\;C:\Program Files\Git\cmd;C:\Program Files\Microsoft SQL Server\150\Tools\Binn\;C:\Program Files\Microsoft SQL Server\Client SDK\ODBC\170\Tools\Binn\;C:\Program Files\dotnet\;C:\Program Files\apache-maven-3.9.6\bin;C:\Program Files\Java\jre-1.8\bin;C:\Program Files\Java\jdk-21\bin;;C:\Program Files\Docker\Docker\resources\bin;C:\Program Files\nodejs\;C:\Users\21269\AppData\Local\Microsoft\WindowsApps;C:\Users\21269\AppData\Local\Programs\Microsoft VS Code\bin;C:\Users\21269;C:\php-8.1.10;C:\MinGW\bin;C:\Users\21269\AppData\Roaming\Composer\vendor\bin;C:\Users\21269\AppData\Local\ComposerSetup\bin;C:\Program Files\JetBrains\IntelliJ IDEA Community Edition 2022.2.2\bin;;C:\Users\21269\AppData\Local\GitHubDesktop\bin;C:\Swift\bin;C:\Users\21269\flutter\bin;C:\Users\21269\AppData\Local\Android\Sdk;JAVA_HOME%\bin;C:\Program Files\Java\jdk-20;C:\Program Files\Java\jdk-20\bin;C:\Program Files\Java\jre-1.8;C:\Users\21269\.dotnet\tools;C:\Program Files\apache-maven-3.9.6\bin;C:\Program Files\Java\jre-1.8\bin;C:\Program Files\Java\jdk-21\bin;C:\Users\21269\AppData\Roaming\npm
USERNAME=OumNou
OS=Windows_NT
PROCESSOR_IDENTIFIER=Intel64 Family 6 Model 140 Stepping 1, GenuineIntel
TMP=C:\Users\21269\AppData\Local\Temp
TEMP=C:\Users\21269\AppData\Local\Temp



Periodic native trim disabled


---------------  S Y S T E M  ---------------

OS:
 Windows 11 , 64 bit Build 22621 (10.0.22621.3235)
OS uptime: 1 days 8:30 hours
Hyper-V role detected

CPU: total 8 (initial active 8) (4 cores per cpu, 2 threads per core) family 6 model 140 stepping 1 microcode 0x8a, cx8, cmov, fxsr, ht, mmx, 3dnowpref, sse, sse2, sse3, ssse3, sse4.1, sse4.2, popcnt, lzcnt, tsc, tscinvbit, avx, avx2, aes, erms, clmul, bmi1, bmi2, adx, avx512f, avx512dq, avx512cd, avx512bw, avx512vl, sha, fma, vzeroupper, avx512_vpopcntdq, avx512_vpclmulqdq, avx512_vaes, avx512_vnni, clflush, clflushopt, clwb, avx512_vbmi2, avx512_vbmi, hv
Processor Information for processor 0
  Max Mhz: 2419, Current Mhz: 2419, Mhz Limit: 2419
Processor Information for processor 1
  Max Mhz: 2419, Current Mhz: 1007, Mhz Limit: 2419
Processor Information for processor 2
  Max Mhz: 2419, Current Mhz: 2419, Mhz Limit: 2419
Processor Information for processor 3
  Max Mhz: 2419, Current Mhz: 2419, Mhz Limit: 2419
Processor Information for processor 4
  Max Mhz: 2419, Current Mhz: 2419, Mhz Limit: 2419
Processor Information for processor 5
  Max Mhz: 2419, Current Mhz: 1007, Mhz Limit: 2419
Processor Information for processor 6
  Max Mhz: 2419, Current Mhz: 1007, Mhz Limit: 2419
Processor Information for processor 7
  Max Mhz: 2419, Current Mhz: 2419, Mhz Limit: 2419

Memory: 4k page, system-wide physical 7991M (336M free)
TotalPageFile size 23351M (AvailPageFile size 3M)
current process WorkingSet (physical memory assigned to process): 81M, peak: 81M
current process commit charge ("private bytes"): 203M, peak: 203M

vm_info: OpenJDK 64-Bit Server VM (17.0.10+7) for windows-amd64 JRE (17.0.10+7), built on Jan 16 2024 23:25:11 by "admin" with MS VC++ 16.10 / 16.11 (VS2019)

END.
